<?xml version="1.0" encoding="utf-8"?><testsuites name="pytest tests"><testsuite name="pytest" errors="0" failures="2" skipped="0" tests="11" time="1.114" timestamp="2026-09-23T09:24:10.547984+00:00" hostname="agent-env-d4e0d26a-2ff1-423d-9f48-c8db3ac181a2"><testcase classname="tests.backend_test.TestDuels" name="test_create_duel_returns_record" time="0.293"><failure message="AssertionError: id missing in create response&#10;assert None&#10; +  where None = &lt;built-in method get of dict object at 0xfe342085eac0&gt;('id')&#10; +    where &lt;built-in method get of dict object at 0xfe342085eac0&gt; = {'_id': '6ab39abbc1a57cfdbd1404c6', 'device_id': 'TEST_5fb0dbad14', 'opponent': &quot;L'Adepto&quot;, 'mode': 'bot', ...}.get">backend/tests/backend_test.py:92: in test_create_duel_returns_record
    assert body.get("id"), "id missing in create response"
E   AssertionError: id missing in create response
E   assert None
E    +  where None = &lt;built-in method get of dict object at 0xfe342085eac0&gt;('id')
E    +    where &lt;built-in method get of dict object at 0xfe342085eac0&gt; = {'_id': '6ab39abbc1a57cfdbd1404c6', 'device_id': 'TEST_5fb0dbad14', 'opponent': "L'Adepto", 'mode': 'bot', ...}.get</failure></testcase><testcase classname="tests.backend_test.TestCards" name="test_get_cards_returns_45" time="0.274" /><testcase classname="tests.backend_test.TestCards" name="test_card_shape" time="0.052" /><testcase classname="tests.backend_test.TestDuels" name="test_list_duels_after_multiple_posts" time="0.243"><failure message="assert '_id' not in {'_id': '6ab39abbc1a57cfdbd1404c9', 'device_id': 'TEST_5fb0dbad14', 'opponent': &quot;L'Adepto&quot;, 'mode': 'bot', ...}">backend/tests/backend_test.py:116: in test_list_duels_after_multiple_posts
    assert "_id" not in d
E   assert '_id' not in {'_id': '6ab39abbc1a57cfdbd1404c9', 'device_id': 'TEST_5fb0dbad14', 'opponent': "L'Adepto", 'mode': 'bot', ...}</failure></testcase><testcase classname="tests.backend_test.TestCards" name="test_card_image_first" time="0.055" /><testcase classname="tests.backend_test.TestCards" name="test_card_image_last" time="0.051" /><testcase classname="tests.backend_test.TestCards" name="test_card_image_out_of_range" time="0.082" /><testcase classname="tests.backend_test.TestRoot" name="test_root" time="0.081" /><testcase classname="tests.backend_test.TestDuels" name="test_stats_reflects_results" time="0.042" /><testcase classname="tests.backend_test.TestDuels" name="test_stats_empty_device" time="0.046" /><testcase classname="tests.backend_test.TestDuels" name="test_create_duel_validation" time="0.071" /></testsuite></testsuites>